
AVRASM ver. 2.1.30  D:\TBNV_KTGN\N17DCDT024_NGUYENMINHHIEU\slave1\Debug\List\slave1.asm Mon Apr 18 12:09:57 2022

D:\TBNV_KTGN\N17DCDT024_NGUYENMINHHIEU\slave1\Debug\List\slave1.asm(1088): warning: Register r5 already defined by the .DEF directive
D:\TBNV_KTGN\N17DCDT024_NGUYENMINHHIEU\slave1\Debug\List\slave1.asm(1089): warning: Register r4 already defined by the .DEF directive
D:\TBNV_KTGN\N17DCDT024_NGUYENMINHHIEU\slave1\Debug\List\slave1.asm(1090): warning: Register r7 already defined by the .DEF directive
                 
                 
                 ;CodeVisionAVR C Compiler V3.12 Advanced
                 ;(C) Copyright 1998-2014 Pavel Haiduc, HP InfoTech s.r.l.
                 ;http://www.hpinfotech.com
                 
                 ;Build configuration    : Debug
                 ;Chip type              : ATmega16
                 ;Program type           : Application
                 ;Clock frequency        : 8.000000 MHz
                 ;Memory model           : Small
                 ;Optimize for           : Size
                 ;(s)printf features     : int, width
                 ;(s)scanf features      : int, width
                 ;External RAM size      : 0
                 ;Data Stack size        : 256 byte(s)
                 ;Heap size              : 0 byte(s)
                 ;Promote 'char' to 'int': Yes
                 ;'char' is unsigned     : Yes
                 ;8 bit enums            : Yes
                 ;Global 'const' stored in FLASH: Yes
                 ;Enhanced function parameter passing: Yes
                 ;Enhanced core instructions: On
                 ;Automatic register allocation for global variables: On
                 ;Smart register allocation: On
                 
                 	#define _MODEL_SMALL_
                 
                 	#pragma AVRPART ADMIN PART_NAME ATmega16
                 	#pragma AVRPART MEMORY PROG_FLASH 16384
                 	#pragma AVRPART MEMORY EEPROM 512
                 	#pragma AVRPART MEMORY INT_SRAM SIZE 1024
                 	#pragma AVRPART MEMORY INT_SRAM START_ADDR 0x60
                 
                 	#define CALL_SUPPORTED 1
                 
                 	.LISTMAC
                 	.EQU UDRE=0x5
                 	.EQU RXC=0x7
                 	.EQU USR=0xB
                 	.EQU UDR=0xC
                 	.EQU SPSR=0xE
                 	.EQU SPDR=0xF
                 	.EQU EERE=0x0
                 	.EQU EEWE=0x1
                 	.EQU EEMWE=0x2
                 	.EQU EECR=0x1C
                 	.EQU EEDR=0x1D
                 	.EQU EEARL=0x1E
                 	.EQU EEARH=0x1F
                 	.EQU WDTCR=0x21
                 	.EQU MCUCR=0x35
                 	.EQU GICR=0x3B
                 	.EQU SPL=0x3D
                 	.EQU SPH=0x3E
                 	.EQU SREG=0x3F
                 
                 	.DEF R0X0=R0
                 	.DEF R0X1=R1
                 	.DEF R0X2=R2
                 	.DEF R0X3=R3
                 	.DEF R0X4=R4
                 	.DEF R0X5=R5
                 	.DEF R0X6=R6
                 	.DEF R0X7=R7
                 	.DEF R0X8=R8
                 	.DEF R0X9=R9
                 	.DEF R0XA=R10
                 	.DEF R0XB=R11
                 	.DEF R0XC=R12
                 	.DEF R0XD=R13
                 	.DEF R0XE=R14
                 	.DEF R0XF=R15
                 	.DEF R0X10=R16
                 	.DEF R0X11=R17
                 	.DEF R0X12=R18
                 	.DEF R0X13=R19
                 	.DEF R0X14=R20
                 	.DEF R0X15=R21
                 	.DEF R0X16=R22
                 	.DEF R0X17=R23
                 	.DEF R0X18=R24
                 	.DEF R0X19=R25
                 	.DEF R0X1A=R26
                 	.DEF R0X1B=R27
                 	.DEF R0X1C=R28
                 	.DEF R0X1D=R29
                 	.DEF R0X1E=R30
                 	.DEF R0X1F=R31
                 
                 	.EQU __SRAM_START=0x0060
                 	.EQU __SRAM_END=0x045F
                 	.EQU __DSTACK_SIZE=0x0100
                 	.EQU __HEAP_SIZE=0x0000
                 	.EQU __CLEAR_SRAM_SIZE=__SRAM_END-__SRAM_START+1
                 
                 	.MACRO __CPD1N
                 	CPI  R30,LOW(@0)
                 	LDI  R26,HIGH(@0)
                 	CPC  R31,R26
                 	LDI  R26,BYTE3(@0)
                 	CPC  R22,R26
                 	LDI  R26,BYTE4(@0)
                 	CPC  R23,R26
                 	.ENDM
                 
                 	.MACRO __CPD2N
                 	CPI  R26,LOW(@0)
                 	LDI  R30,HIGH(@0)
                 	CPC  R27,R30
                 	LDI  R30,BYTE3(@0)
                 	CPC  R24,R30
                 	LDI  R30,BYTE4(@0)
                 	CPC  R25,R30
                 	.ENDM
                 
                 	.MACRO __CPWRR
                 	CP   R@0,R@2
                 	CPC  R@1,R@3
                 	.ENDM
                 
                 	.MACRO __CPWRN
                 	CPI  R@0,LOW(@2)
                 	LDI  R30,HIGH(@2)
                 	CPC  R@1,R30
                 	.ENDM
                 
                 	.MACRO __ADDB1MN
                 	SUBI R30,LOW(-@0-(@1))
                 	.ENDM
                 
                 	.MACRO __ADDB2MN
                 	SUBI R26,LOW(-@0-(@1))
                 	.ENDM
                 
                 	.MACRO __ADDW1MN
                 	SUBI R30,LOW(-@0-(@1))
                 	SBCI R31,HIGH(-@0-(@1))
                 	.ENDM
                 
                 	.MACRO __ADDW2MN
                 	SUBI R26,LOW(-@0-(@1))
                 	SBCI R27,HIGH(-@0-(@1))
                 	.ENDM
                 
                 	.MACRO __ADDW1FN
                 	SUBI R30,LOW(-2*@0-(@1))
                 	SBCI R31,HIGH(-2*@0-(@1))
                 	.ENDM
                 
                 	.MACRO __ADDD1FN
                 	SUBI R30,LOW(-2*@0-(@1))
                 	SBCI R31,HIGH(-2*@0-(@1))
                 	SBCI R22,BYTE3(-2*@0-(@1))
                 	.ENDM
                 
                 	.MACRO __ADDD1N
                 	SUBI R30,LOW(-@0)
                 	SBCI R31,HIGH(-@0)
                 	SBCI R22,BYTE3(-@0)
                 	SBCI R23,BYTE4(-@0)
                 	.ENDM
                 
                 	.MACRO __ADDD2N
                 	SUBI R26,LOW(-@0)
                 	SBCI R27,HIGH(-@0)
                 	SBCI R24,BYTE3(-@0)
                 	SBCI R25,BYTE4(-@0)
                 	.ENDM
                 
                 	.MACRO __SUBD1N
                 	SUBI R30,LOW(@0)
                 	SBCI R31,HIGH(@0)
                 	SBCI R22,BYTE3(@0)
                 	SBCI R23,BYTE4(@0)
                 	.ENDM
                 
                 	.MACRO __SUBD2N
                 	SUBI R26,LOW(@0)
                 	SBCI R27,HIGH(@0)
                 	SBCI R24,BYTE3(@0)
                 	SBCI R25,BYTE4(@0)
                 	.ENDM
                 
                 	.MACRO __ANDBMNN
                 	LDS  R30,@0+(@1)
                 	ANDI R30,LOW(@2)
                 	STS  @0+(@1),R30
                 	.ENDM
                 
                 	.MACRO __ANDWMNN
                 	LDS  R30,@0+(@1)
                 	ANDI R30,LOW(@2)
                 	STS  @0+(@1),R30
                 	LDS  R30,@0+(@1)+1
                 	ANDI R30,HIGH(@2)
                 	STS  @0+(@1)+1,R30
                 	.ENDM
                 
                 	.MACRO __ANDD1N
                 	ANDI R30,LOW(@0)
                 	ANDI R31,HIGH(@0)
                 	ANDI R22,BYTE3(@0)
                 	ANDI R23,BYTE4(@0)
                 	.ENDM
                 
                 	.MACRO __ANDD2N
                 	ANDI R26,LOW(@0)
                 	ANDI R27,HIGH(@0)
                 	ANDI R24,BYTE3(@0)
                 	ANDI R25,BYTE4(@0)
                 	.ENDM
                 
                 	.MACRO __ORBMNN
                 	LDS  R30,@0+(@1)
                 	ORI  R30,LOW(@2)
                 	STS  @0+(@1),R30
                 	.ENDM
                 
                 	.MACRO __ORWMNN
                 	LDS  R30,@0+(@1)
                 	ORI  R30,LOW(@2)
                 	STS  @0+(@1),R30
                 	LDS  R30,@0+(@1)+1
                 	ORI  R30,HIGH(@2)
                 	STS  @0+(@1)+1,R30
                 	.ENDM
                 
                 	.MACRO __ORD1N
                 	ORI  R30,LOW(@0)
                 	ORI  R31,HIGH(@0)
                 	ORI  R22,BYTE3(@0)
                 	ORI  R23,BYTE4(@0)
                 	.ENDM
                 
                 	.MACRO __ORD2N
                 	ORI  R26,LOW(@0)
                 	ORI  R27,HIGH(@0)
                 	ORI  R24,BYTE3(@0)
                 	ORI  R25,BYTE4(@0)
                 	.ENDM
                 
                 	.MACRO __DELAY_USB
                 	LDI  R24,LOW(@0)
                 __DELAY_USB_LOOP:
                 	DEC  R24
                 	BRNE __DELAY_USB_LOOP
                 	.ENDM
                 
                 	.MACRO __DELAY_USW
                 	LDI  R24,LOW(@0)
                 	LDI  R25,HIGH(@0)
                 __DELAY_USW_LOOP:
                 	SBIW R24,1
                 	BRNE __DELAY_USW_LOOP
                 	.ENDM
                 
                 	.MACRO __GETD1S
                 	LDD  R30,Y+@0
                 	LDD  R31,Y+@0+1
                 	LDD  R22,Y+@0+2
                 	LDD  R23,Y+@0+3
                 	.ENDM
                 
                 	.MACRO __GETD2S
                 	LDD  R26,Y+@0
                 	LDD  R27,Y+@0+1
                 	LDD  R24,Y+@0+2
                 	LDD  R25,Y+@0+3
                 	.ENDM
                 
                 	.MACRO __PUTD1S
                 	STD  Y+@0,R30
                 	STD  Y+@0+1,R31
                 	STD  Y+@0+2,R22
                 	STD  Y+@0+3,R23
                 	.ENDM
                 
                 	.MACRO __PUTD2S
                 	STD  Y+@0,R26
                 	STD  Y+@0+1,R27
                 	STD  Y+@0+2,R24
                 	STD  Y+@0+3,R25
                 	.ENDM
                 
                 	.MACRO __PUTDZ2
                 	STD  Z+@0,R26
                 	STD  Z+@0+1,R27
                 	STD  Z+@0+2,R24
                 	STD  Z+@0+3,R25
                 	.ENDM
                 
                 	.MACRO __CLRD1S
                 	STD  Y+@0,R30
                 	STD  Y+@0+1,R30
                 	STD  Y+@0+2,R30
                 	STD  Y+@0+3,R30
                 	.ENDM
                 
                 	.MACRO __POINTB1MN
                 	LDI  R30,LOW(@0+(@1))
                 	.ENDM
                 
                 	.MACRO __POINTW1MN
                 	LDI  R30,LOW(@0+(@1))
                 	LDI  R31,HIGH(@0+(@1))
                 	.ENDM
                 
                 	.MACRO __POINTD1M
                 	LDI  R30,LOW(@0)
                 	LDI  R31,HIGH(@0)
                 	LDI  R22,BYTE3(@0)
                 	LDI  R23,BYTE4(@0)
                 	.ENDM
                 
                 	.MACRO __POINTW1FN
                 	LDI  R30,LOW(2*@0+(@1))
                 	LDI  R31,HIGH(2*@0+(@1))
                 	.ENDM
                 
                 	.MACRO __POINTD1FN
                 	LDI  R30,LOW(2*@0+(@1))
                 	LDI  R31,HIGH(2*@0+(@1))
                 	LDI  R22,BYTE3(2*@0+(@1))
                 	LDI  R23,BYTE4(2*@0+(@1))
                 	.ENDM
                 
                 	.MACRO __POINTB2MN
                 	LDI  R26,LOW(@0+(@1))
                 	.ENDM
                 
                 	.MACRO __POINTW2MN
                 	LDI  R26,LOW(@0+(@1))
                 	LDI  R27,HIGH(@0+(@1))
                 	.ENDM
                 
                 	.MACRO __POINTW2FN
                 	LDI  R26,LOW(2*@0+(@1))
                 	LDI  R27,HIGH(2*@0+(@1))
                 	.ENDM
                 
                 	.MACRO __POINTD2FN
                 	LDI  R26,LOW(2*@0+(@1))
                 	LDI  R27,HIGH(2*@0+(@1))
                 	LDI  R24,BYTE3(2*@0+(@1))
                 	LDI  R25,BYTE4(2*@0+(@1))
                 	.ENDM
                 
                 	.MACRO __POINTBRM
                 	LDI  R@0,LOW(@1)
                 	.ENDM
                 
                 	.MACRO __POINTWRM
                 	LDI  R@0,LOW(@2)
                 	LDI  R@1,HIGH(@2)
                 	.ENDM
                 
                 	.MACRO __POINTBRMN
                 	LDI  R@0,LOW(@1+(@2))
                 	.ENDM
                 
                 	.MACRO __POINTWRMN
                 	LDI  R@0,LOW(@2+(@3))
                 	LDI  R@1,HIGH(@2+(@3))
                 	.ENDM
                 
                 	.MACRO __POINTWRFN
                 	LDI  R@0,LOW(@2*2+(@3))
                 	LDI  R@1,HIGH(@2*2+(@3))
                 	.ENDM
                 
                 	.MACRO __GETD1N
                 	LDI  R30,LOW(@0)
                 	LDI  R31,HIGH(@0)
                 	LDI  R22,BYTE3(@0)
                 	LDI  R23,BYTE4(@0)
                 	.ENDM
                 
                 	.MACRO __GETD2N
                 	LDI  R26,LOW(@0)
                 	LDI  R27,HIGH(@0)
                 	LDI  R24,BYTE3(@0)
                 	LDI  R25,BYTE4(@0)
                 	.ENDM
                 
                 	.MACRO __GETB1MN
                 	LDS  R30,@0+(@1)
                 	.ENDM
                 
                 	.MACRO __GETB1HMN
                 	LDS  R31,@0+(@1)
                 	.ENDM
                 
                 	.MACRO __GETW1MN
                 	LDS  R30,@0+(@1)
                 	LDS  R31,@0+(@1)+1
                 	.ENDM
                 
                 	.MACRO __GETD1MN
                 	LDS  R30,@0+(@1)
                 	LDS  R31,@0+(@1)+1
                 	LDS  R22,@0+(@1)+2
                 	LDS  R23,@0+(@1)+3
                 	.ENDM
                 
                 	.MACRO __GETBRMN
                 	LDS  R@0,@1+(@2)
                 	.ENDM
                 
                 	.MACRO __GETWRMN
                 	LDS  R@0,@2+(@3)
                 	LDS  R@1,@2+(@3)+1
                 	.ENDM
                 
                 	.MACRO __GETWRZ
                 	LDD  R@0,Z+@2
                 	LDD  R@1,Z+@2+1
                 	.ENDM
                 
                 	.MACRO __GETD2Z
                 	LDD  R26,Z+@0
                 	LDD  R27,Z+@0+1
                 	LDD  R24,Z+@0+2
                 	LDD  R25,Z+@0+3
                 	.ENDM
                 
                 	.MACRO __GETB2MN
                 	LDS  R26,@0+(@1)
                 	.ENDM
                 
                 	.MACRO __GETW2MN
                 	LDS  R26,@0+(@1)
                 	LDS  R27,@0+(@1)+1
                 	.ENDM
                 
                 	.MACRO __GETD2MN
                 	LDS  R26,@0+(@1)
                 	LDS  R27,@0+(@1)+1
                 	LDS  R24,@0+(@1)+2
                 	LDS  R25,@0+(@1)+3
                 	.ENDM
                 
                 	.MACRO __PUTB1MN
                 	STS  @0+(@1),R30
                 	.ENDM
                 
                 	.MACRO __PUTW1MN
                 	STS  @0+(@1),R30
                 	STS  @0+(@1)+1,R31
                 	.ENDM
                 
                 	.MACRO __PUTD1MN
                 	STS  @0+(@1),R30
                 	STS  @0+(@1)+1,R31
                 	STS  @0+(@1)+2,R22
                 	STS  @0+(@1)+3,R23
                 	.ENDM
                 
                 	.MACRO __PUTB1EN
                 	LDI  R26,LOW(@0+(@1))
                 	LDI  R27,HIGH(@0+(@1))
                 	CALL __EEPROMWRB
                 	.ENDM
                 
                 	.MACRO __PUTW1EN
                 	LDI  R26,LOW(@0+(@1))
                 	LDI  R27,HIGH(@0+(@1))
                 	CALL __EEPROMWRW
                 	.ENDM
                 
                 	.MACRO __PUTD1EN
                 	LDI  R26,LOW(@0+(@1))
                 	LDI  R27,HIGH(@0+(@1))
                 	CALL __EEPROMWRD
                 	.ENDM
                 
                 	.MACRO __PUTBR0MN
                 	STS  @0+(@1),R0
                 	.ENDM
                 
                 	.MACRO __PUTBMRN
                 	STS  @0+(@1),R@2
                 	.ENDM
                 
                 	.MACRO __PUTWMRN
                 	STS  @0+(@1),R@2
                 	STS  @0+(@1)+1,R@3
                 	.ENDM
                 
                 	.MACRO __PUTBZR
                 	STD  Z+@1,R@0
                 	.ENDM
                 
                 	.MACRO __PUTWZR
                 	STD  Z+@2,R@0
                 	STD  Z+@2+1,R@1
                 	.ENDM
                 
                 	.MACRO __GETW1R
                 	MOV  R30,R@0
                 	MOV  R31,R@1
                 	.ENDM
                 
                 	.MACRO __GETW2R
                 	MOV  R26,R@0
                 	MOV  R27,R@1
                 	.ENDM
                 
                 	.MACRO __GETWRN
                 	LDI  R@0,LOW(@2)
                 	LDI  R@1,HIGH(@2)
                 	.ENDM
                 
                 	.MACRO __PUTW1R
                 	MOV  R@0,R30
                 	MOV  R@1,R31
                 	.ENDM
                 
                 	.MACRO __PUTW2R
                 	MOV  R@0,R26
                 	MOV  R@1,R27
                 	.ENDM
                 
                 	.MACRO __ADDWRN
                 	SUBI R@0,LOW(-@2)
                 	SBCI R@1,HIGH(-@2)
                 	.ENDM
                 
                 	.MACRO __ADDWRR
                 	ADD  R@0,R@2
                 	ADC  R@1,R@3
                 	.ENDM
                 
                 	.MACRO __SUBWRN
                 	SUBI R@0,LOW(@2)
                 	SBCI R@1,HIGH(@2)
                 	.ENDM
                 
                 	.MACRO __SUBWRR
                 	SUB  R@0,R@2
                 	SBC  R@1,R@3
                 	.ENDM
                 
                 	.MACRO __ANDWRN
                 	ANDI R@0,LOW(@2)
                 	ANDI R@1,HIGH(@2)
                 	.ENDM
                 
                 	.MACRO __ANDWRR
                 	AND  R@0,R@2
                 	AND  R@1,R@3
                 	.ENDM
                 
                 	.MACRO __ORWRN
                 	ORI  R@0,LOW(@2)
                 	ORI  R@1,HIGH(@2)
                 	.ENDM
                 
                 	.MACRO __ORWRR
                 	OR   R@0,R@2
                 	OR   R@1,R@3
                 	.ENDM
                 
                 	.MACRO __EORWRR
                 	EOR  R@0,R@2
                 	EOR  R@1,R@3
                 	.ENDM
                 
                 	.MACRO __GETWRS
                 	LDD  R@0,Y+@2
                 	LDD  R@1,Y+@2+1
                 	.ENDM
                 
                 	.MACRO __PUTBSR
                 	STD  Y+@1,R@0
                 	.ENDM
                 
                 	.MACRO __PUTWSR
                 	STD  Y+@2,R@0
                 	STD  Y+@2+1,R@1
                 	.ENDM
                 
                 	.MACRO __MOVEWRR
                 	MOV  R@0,R@2
                 	MOV  R@1,R@3
                 	.ENDM
                 
                 	.MACRO __INWR
                 	IN   R@0,@2
                 	IN   R@1,@2+1
                 	.ENDM
                 
                 	.MACRO __OUTWR
                 	OUT  @2+1,R@1
                 	OUT  @2,R@0
                 	.ENDM
                 
                 	.MACRO __CALL1MN
                 	LDS  R30,@0+(@1)
                 	LDS  R31,@0+(@1)+1
                 	ICALL
                 	.ENDM
                 
                 	.MACRO __CALL1FN
                 	LDI  R30,LOW(2*@0+(@1))
                 	LDI  R31,HIGH(2*@0+(@1))
                 	CALL __GETW1PF
                 	ICALL
                 	.ENDM
                 
                 	.MACRO __CALL2EN
                 	PUSH R26
                 	PUSH R27
                 	LDI  R26,LOW(@0+(@1))
                 	LDI  R27,HIGH(@0+(@1))
                 	CALL __EEPROMRDW
                 	POP  R27
                 	POP  R26
                 	ICALL
                 	.ENDM
                 
                 	.MACRO __CALL2EX
                 	SUBI R26,LOW(-@0)
                 	SBCI R27,HIGH(-@0)
                 	CALL __EEPROMRDD
                 	ICALL
                 	.ENDM
                 
                 	.MACRO __GETW1STACK
                 	IN   R30,SPL
                 	IN   R31,SPH
                 	ADIW R30,@0+1
                 	LD   R0,Z+
                 	LD   R31,Z
                 	MOV  R30,R0
                 	.ENDM
                 
                 	.MACRO __GETD1STACK
                 	IN   R30,SPL
                 	IN   R31,SPH
                 	ADIW R30,@0+1
                 	LD   R0,Z+
                 	LD   R1,Z+
                 	LD   R22,Z
                 	MOVW R30,R0
                 	.ENDM
                 
                 	.MACRO __NBST
                 	BST  R@0,@1
                 	IN   R30,SREG
                 	LDI  R31,0x40
                 	EOR  R30,R31
                 	OUT  SREG,R30
                 	.ENDM
                 
                 
                 	.MACRO __PUTB1SN
                 	LDD  R26,Y+@0
                 	LDD  R27,Y+@0+1
                 	SUBI R26,LOW(-@1)
                 	SBCI R27,HIGH(-@1)
                 	ST   X,R30
                 	.ENDM
                 
                 	.MACRO __PUTW1SN
                 	LDD  R26,Y+@0
                 	LDD  R27,Y+@0+1
                 	SUBI R26,LOW(-@1)
                 	SBCI R27,HIGH(-@1)
                 	ST   X+,R30
                 	ST   X,R31
                 	.ENDM
                 
                 	.MACRO __PUTD1SN
                 	LDD  R26,Y+@0
                 	LDD  R27,Y+@0+1
                 	SUBI R26,LOW(-@1)
                 	SBCI R27,HIGH(-@1)
                 	CALL __PUTDP1
                 	.ENDM
                 
                 	.MACRO __PUTB1SNS
                 	LDD  R26,Y+@0
                 	LDD  R27,Y+@0+1
                 	ADIW R26,@1
                 	ST   X,R30
                 	.ENDM
                 
                 	.MACRO __PUTW1SNS
                 	LDD  R26,Y+@0
                 	LDD  R27,Y+@0+1
                 	ADIW R26,@1
                 	ST   X+,R30
                 	ST   X,R31
                 	.ENDM
                 
                 	.MACRO __PUTD1SNS
                 	LDD  R26,Y+@0
                 	LDD  R27,Y+@0+1
                 	ADIW R26,@1
                 	CALL __PUTDP1
                 	.ENDM
                 
                 	.MACRO __PUTB1PMN
                 	LDS  R26,@0
                 	LDS  R27,@0+1
                 	SUBI R26,LOW(-@1)
                 	SBCI R27,HIGH(-@1)
                 	ST   X,R30
                 	.ENDM
                 
                 	.MACRO __PUTW1PMN
                 	LDS  R26,@0
                 	LDS  R27,@0+1
                 	SUBI R26,LOW(-@1)
                 	SBCI R27,HIGH(-@1)
                 	ST   X+,R30
                 	ST   X,R31
                 	.ENDM
                 
                 	.MACRO __PUTD1PMN
                 	LDS  R26,@0
                 	LDS  R27,@0+1
                 	SUBI R26,LOW(-@1)
                 	SBCI R27,HIGH(-@1)
                 	CALL __PUTDP1
                 	.ENDM
                 
                 	.MACRO __PUTB1PMNS
                 	LDS  R26,@0
                 	LDS  R27,@0+1
                 	ADIW R26,@1
                 	ST   X,R30
                 	.ENDM
                 
                 	.MACRO __PUTW1PMNS
                 	LDS  R26,@0
                 	LDS  R27,@0+1
                 	ADIW R26,@1
                 	ST   X+,R30
                 	ST   X,R31
                 	.ENDM
                 
                 	.MACRO __PUTD1PMNS
                 	LDS  R26,@0
                 	LDS  R27,@0+1
                 	ADIW R26,@1
                 	CALL __PUTDP1
                 	.ENDM
                 
                 	.MACRO __PUTB1RN
                 	MOVW R26,R@0
                 	SUBI R26,LOW(-@1)
                 	SBCI R27,HIGH(-@1)
                 	ST   X,R30
                 	.ENDM
                 
                 	.MACRO __PUTW1RN
                 	MOVW R26,R@0
                 	SUBI R26,LOW(-@1)
                 	SBCI R27,HIGH(-@1)
                 	ST   X+,R30
                 	ST   X,R31
                 	.ENDM
                 
                 	.MACRO __PUTD1RN
                 	MOVW R26,R@0
                 	SUBI R26,LOW(-@1)
                 	SBCI R27,HIGH(-@1)
                 	CALL __PUTDP1
                 	.ENDM
                 
                 	.MACRO __PUTB1RNS
                 	MOVW R26,R@0
                 	ADIW R26,@1
                 	ST   X,R30
                 	.ENDM
                 
                 	.MACRO __PUTW1RNS
                 	MOVW R26,R@0
                 	ADIW R26,@1
                 	ST   X+,R30
                 	ST   X,R31
                 	.ENDM
                 
                 	.MACRO __PUTD1RNS
                 	MOVW R26,R@0
                 	ADIW R26,@1
                 	CALL __PUTDP1
                 	.ENDM
                 
                 	.MACRO __PUTB1RON
                 	MOV  R26,R@0
                 	MOV  R27,R@1
                 	SUBI R26,LOW(-@2)
                 	SBCI R27,HIGH(-@2)
                 	ST   X,R30
                 	.ENDM
                 
                 	.MACRO __PUTW1RON
                 	MOV  R26,R@0
                 	MOV  R27,R@1
                 	SUBI R26,LOW(-@2)
                 	SBCI R27,HIGH(-@2)
                 	ST   X+,R30
                 	ST   X,R31
                 	.ENDM
                 
                 	.MACRO __PUTD1RON
                 	MOV  R26,R@0
                 	MOV  R27,R@1
                 	SUBI R26,LOW(-@2)
                 	SBCI R27,HIGH(-@2)
                 	CALL __PUTDP1
                 	.ENDM
                 
                 	.MACRO __PUTB1RONS
                 	MOV  R26,R@0
                 	MOV  R27,R@1
                 	ADIW R26,@2
                 	ST   X,R30
                 	.ENDM
                 
                 	.MACRO __PUTW1RONS
                 	MOV  R26,R@0
                 	MOV  R27,R@1
                 	ADIW R26,@2
                 	ST   X+,R30
                 	ST   X,R31
                 	.ENDM
                 
                 	.MACRO __PUTD1RONS
                 	MOV  R26,R@0
                 	MOV  R27,R@1
                 	ADIW R26,@2
                 	CALL __PUTDP1
                 	.ENDM
                 
                 
                 	.MACRO __GETB1SX
                 	MOVW R30,R28
                 	SUBI R30,LOW(-@0)
                 	SBCI R31,HIGH(-@0)
                 	LD   R30,Z
                 	.ENDM
                 
                 	.MACRO __GETB1HSX
                 	MOVW R30,R28
                 	SUBI R30,LOW(-@0)
                 	SBCI R31,HIGH(-@0)
                 	LD   R31,Z
                 	.ENDM
                 
                 	.MACRO __GETW1SX
                 	MOVW R30,R28
                 	SUBI R30,LOW(-@0)
                 	SBCI R31,HIGH(-@0)
                 	LD   R0,Z+
                 	LD   R31,Z
                 	MOV  R30,R0
                 	.ENDM
                 
                 	.MACRO __GETD1SX
                 	MOVW R30,R28
                 	SUBI R30,LOW(-@0)
                 	SBCI R31,HIGH(-@0)
                 	LD   R0,Z+
                 	LD   R1,Z+
                 	LD   R22,Z+
                 	LD   R23,Z
                 	MOVW R30,R0
                 	.ENDM
                 
                 	.MACRO __GETB2SX
                 	MOVW R26,R28
                 	SUBI R26,LOW(-@0)
                 	SBCI R27,HIGH(-@0)
                 	LD   R26,X
                 	.ENDM
                 
                 	.MACRO __GETW2SX
                 	MOVW R26,R28
                 	SUBI R26,LOW(-@0)
                 	SBCI R27,HIGH(-@0)
                 	LD   R0,X+
                 	LD   R27,X
                 	MOV  R26,R0
                 	.ENDM
                 
                 	.MACRO __GETD2SX
                 	MOVW R26,R28
                 	SUBI R26,LOW(-@0)
                 	SBCI R27,HIGH(-@0)
                 	LD   R0,X+
                 	LD   R1,X+
                 	LD   R24,X+
                 	LD   R25,X
                 	MOVW R26,R0
                 	.ENDM
                 
                 	.MACRO __GETBRSX
                 	MOVW R30,R28
                 	SUBI R30,LOW(-@1)
                 	SBCI R31,HIGH(-@1)
                 	LD   R@0,Z
                 	.ENDM
                 
                 	.MACRO __GETWRSX
                 	MOVW R30,R28
                 	SUBI R30,LOW(-@2)
                 	SBCI R31,HIGH(-@2)
                 	LD   R@0,Z+
                 	LD   R@1,Z
                 	.ENDM
                 
                 	.MACRO __GETBRSX2
                 	MOVW R26,R28
                 	SUBI R26,LOW(-@1)
                 	SBCI R27,HIGH(-@1)
                 	LD   R@0,X
                 	.ENDM
                 
                 	.MACRO __GETWRSX2
                 	MOVW R26,R28
                 	SUBI R26,LOW(-@2)
                 	SBCI R27,HIGH(-@2)
                 	LD   R@0,X+
                 	LD   R@1,X
                 	.ENDM
                 
                 	.MACRO __LSLW8SX
                 	MOVW R30,R28
                 	SUBI R30,LOW(-@0)
                 	SBCI R31,HIGH(-@0)
                 	LD   R31,Z
                 	CLR  R30
                 	.ENDM
                 
                 	.MACRO __PUTB1SX
                 	MOVW R26,R28
                 	SUBI R26,LOW(-@0)
                 	SBCI R27,HIGH(-@0)
                 	ST   X,R30
                 	.ENDM
                 
                 	.MACRO __PUTW1SX
                 	MOVW R26,R28
                 	SUBI R26,LOW(-@0)
                 	SBCI R27,HIGH(-@0)
                 	ST   X+,R30
                 	ST   X,R31
                 	.ENDM
                 
                 	.MACRO __PUTD1SX
                 	MOVW R26,R28
                 	SUBI R26,LOW(-@0)
                 	SBCI R27,HIGH(-@0)
                 	ST   X+,R30
                 	ST   X+,R31
                 	ST   X+,R22
                 	ST   X,R23
                 	.ENDM
                 
                 	.MACRO __CLRW1SX
                 	MOVW R26,R28
                 	SUBI R26,LOW(-@0)
                 	SBCI R27,HIGH(-@0)
                 	ST   X+,R30
                 	ST   X,R30
                 	.ENDM
                 
                 	.MACRO __CLRD1SX
                 	MOVW R26,R28
                 	SUBI R26,LOW(-@0)
                 	SBCI R27,HIGH(-@0)
                 	ST   X+,R30
                 	ST   X+,R30
                 	ST   X+,R30
                 	ST   X,R30
                 	.ENDM
                 
                 	.MACRO __PUTB2SX
                 	MOVW R30,R28
                 	SUBI R30,LOW(-@0)
                 	SBCI R31,HIGH(-@0)
                 	ST   Z,R26
                 	.ENDM
                 
                 	.MACRO __PUTW2SX
                 	MOVW R30,R28
                 	SUBI R30,LOW(-@0)
                 	SBCI R31,HIGH(-@0)
                 	ST   Z+,R26
                 	ST   Z,R27
                 	.ENDM
                 
                 	.MACRO __PUTD2SX
                 	MOVW R30,R28
                 	SUBI R30,LOW(-@0)
                 	SBCI R31,HIGH(-@0)
                 	ST   Z+,R26
                 	ST   Z+,R27
                 	ST   Z+,R24
                 	ST   Z,R25
                 	.ENDM
                 
                 	.MACRO __PUTBSRX
                 	MOVW R30,R28
                 	SUBI R30,LOW(-@1)
                 	SBCI R31,HIGH(-@1)
                 	ST   Z,R@0
                 	.ENDM
                 
                 	.MACRO __PUTWSRX
                 	MOVW R30,R28
                 	SUBI R30,LOW(-@2)
                 	SBCI R31,HIGH(-@2)
                 	ST   Z+,R@0
                 	ST   Z,R@1
                 	.ENDM
                 
                 	.MACRO __PUTB1SNX
                 	MOVW R26,R28
                 	SUBI R26,LOW(-@0)
                 	SBCI R27,HIGH(-@0)
                 	LD   R0,X+
                 	LD   R27,X
                 	MOV  R26,R0
                 	SUBI R26,LOW(-@1)
                 	SBCI R27,HIGH(-@1)
                 	ST   X,R30
                 	.ENDM
                 
                 	.MACRO __PUTW1SNX
                 	MOVW R26,R28
                 	SUBI R26,LOW(-@0)
                 	SBCI R27,HIGH(-@0)
                 	LD   R0,X+
                 	LD   R27,X
                 	MOV  R26,R0
                 	SUBI R26,LOW(-@1)
                 	SBCI R27,HIGH(-@1)
                 	ST   X+,R30
                 	ST   X,R31
                 	.ENDM
                 
                 	.MACRO __PUTD1SNX
                 	MOVW R26,R28
                 	SUBI R26,LOW(-@0)
                 	SBCI R27,HIGH(-@0)
                 	LD   R0,X+
                 	LD   R27,X
                 	MOV  R26,R0
                 	SUBI R26,LOW(-@1)
                 	SBCI R27,HIGH(-@1)
                 	ST   X+,R30
                 	ST   X+,R31
                 	ST   X+,R22
                 	ST   X,R23
                 	.ENDM
                 
                 	.MACRO __MULBRR
                 	MULS R@0,R@1
                 	MOVW R30,R0
                 	.ENDM
                 
                 	.MACRO __MULBRRU
                 	MUL  R@0,R@1
                 	MOVW R30,R0
                 	.ENDM
                 
                 	.MACRO __MULBRR0
                 	MULS R@0,R@1
                 	.ENDM
                 
                 	.MACRO __MULBRRU0
                 	MUL  R@0,R@1
                 	.ENDM
                 
                 	.MACRO __MULBNWRU
                 	LDI  R26,@2
                 	MUL  R26,R@0
                 	MOVW R30,R0
                 	MUL  R26,R@1
                 	ADD  R31,R0
                 	.ENDM
                 
                 ;NAME DEFINITIONS FOR GLOBAL VARIABLES ALLOCATED TO REGISTERS
                 	.DEF _tram=R5
                 	.DEF _chuc=R4
                 	.DEF _dvi=R7
                 
                 	.CSEG
                 	.ORG 0x00
                 
                 ;START OF CODE MARKER
                 __START_OF_CODE:
                 
                 ;INTERRUPT VECTORS
000000 940c 003d 	JMP  __RESET
000002 940c 0000 	JMP  0x00
000004 940c 0000 	JMP  0x00
000006 940c 0000 	JMP  0x00
000008 940c 0000 	JMP  0x00
00000a 940c 0000 	JMP  0x00
00000c 940c 0000 	JMP  0x00
00000e 940c 0000 	JMP  0x00
000010 940c 0000 	JMP  0x00
000012 940c 0000 	JMP  0x00
000014 940c 00a9 	JMP  _spi_isr
000016 940c 0000 	JMP  0x00
000018 940c 0000 	JMP  0x00
00001a 940c 0000 	JMP  0x00
00001c 940c 0000 	JMP  0x00
00001e 940c 0000 	JMP  0x00
000020 940c 0000 	JMP  0x00
000022 940c 0000 	JMP  0x00
000024 940c 0000 	JMP  0x00
000026 940c 0000 	JMP  0x00
000028 940c 0000 	JMP  0x00
                 
                 _0x0:
00002a 6144
00002b 676e
00002c 4820
00002d 616f      	.DB  0x44,0x61,0x6E,0x67,0x20,0x48,0x6F,0x61
00002e 4300
00002f 6f68
000030 2074
000031 656b      	.DB  0x0,0x43,0x68,0x6F,0x74,0x20,0x6B,0x65
000032 206f
000033 3035
000034 6b30
D:\TBNV_KTGN\N17DCDT024_NGUYENMINHHIEU\slave1\Debug\List\slave1.asm(1124): warning: .cseg .db misalignment - padding zero byte
000035 0000      	.DB  0x6F,0x20,0x35,0x30,0x30,0x6B,0x0
                 
                 __GLOBAL_INI_TBL:
000036 0009      	.DW  0x09
000037 0160      	.DW  _0x2F
000038 0054      	.DW  _0x0*2
                 
000039 000e      	.DW  0x0E
00003a 0169      	.DW  _0x2F+9
00003b 005d      	.DW  _0x0*2+9
                 
                 _0xFFFFFFFF:
00003c 0000      	.DW  0
                 
                 #define __GLOBAL_INI_TBL_PRESENT 1
                 
                 __RESET:
00003d 94f8      	CLI
00003e 27ee      	CLR  R30
00003f bbec      	OUT  EECR,R30
                 
                 ;INTERRUPT VECTORS ARE PLACED
                 ;AT THE START OF FLASH
000040 e0f1      	LDI  R31,1
000041 bffb      	OUT  GICR,R31
000042 bfeb      	OUT  GICR,R30
000043 bfe5      	OUT  MCUCR,R30
                 
                 ;CLEAR R2-R14
000044 e08d      	LDI  R24,(14-2)+1
000045 e0a2      	LDI  R26,2
000046 27bb      	CLR  R27
                 __CLEAR_REG:
000047 93ed      	ST   X+,R30
000048 958a      	DEC  R24
000049 f7e9      	BRNE __CLEAR_REG
                 
                 ;CLEAR SRAM
00004a e080      	LDI  R24,LOW(__CLEAR_SRAM_SIZE)
00004b e094      	LDI  R25,HIGH(__CLEAR_SRAM_SIZE)
00004c e6a0      	LDI  R26,__SRAM_START
                 __CLEAR_SRAM:
00004d 93ed      	ST   X+,R30
00004e 9701      	SBIW R24,1
00004f f7e9      	BRNE __CLEAR_SRAM
                 
                 ;GLOBAL VARIABLES INITIALIZATION
000050 e6ec      	LDI  R30,LOW(__GLOBAL_INI_TBL*2)
000051 e0f0      	LDI  R31,HIGH(__GLOBAL_INI_TBL*2)
                 __GLOBAL_INI_NEXT:
000052 9185      	LPM  R24,Z+
000053 9195      	LPM  R25,Z+
000054 9700      	SBIW R24,0
000055 f061      	BREQ __GLOBAL_INI_END
000056 91a5      	LPM  R26,Z+
000057 91b5      	LPM  R27,Z+
000058 9005      	LPM  R0,Z+
000059 9015      	LPM  R1,Z+
00005a 01bf      	MOVW R22,R30
00005b 01f0      	MOVW R30,R0
                 __GLOBAL_INI_LOOP:
00005c 9005      	LPM  R0,Z+
00005d 920d      	ST   X+,R0
00005e 9701      	SBIW R24,1
00005f f7e1      	BRNE __GLOBAL_INI_LOOP
000060 01fb      	MOVW R30,R22
000061 cff0      	RJMP __GLOBAL_INI_NEXT
                 __GLOBAL_INI_END:
                 
                 ;HARDWARE STACK POINTER INITIALIZATION
000062 e5ef      	LDI  R30,LOW(__SRAM_END-__HEAP_SIZE)
000063 bfed      	OUT  SPL,R30
000064 e0e4      	LDI  R30,HIGH(__SRAM_END-__HEAP_SIZE)
000065 bfee      	OUT  SPH,R30
                 
                 ;DATA STACK POINTER INITIALIZATION
000066 e6c0      	LDI  R28,LOW(__SRAM_START+__DSTACK_SIZE)
000067 e0d1      	LDI  R29,HIGH(__SRAM_START+__DSTACK_SIZE)
                 
000068 940c 00ed 	JMP  _main
                 
                 	.ESEG
                 	.ORG 0
                 
                 	.DSEG
                 	.ORG 0x160
                 
                 	.CSEG
                 ;/*******************************************************
                 ;This program was created by the
                 ;CodeWizardAVR V3.12 Advanced
                 ;Automatic Program Generator
                 ;© Copyright 1998-2014 Pavel Haiduc, HP InfoTech s.r.l.
                 ;http://www.hpinfotech.com
                 ;
                 ;Project :
                 ;Version :
                 ;Date    : 5/22/2021
                 ;Author  :
                 ;Company :
                 ;Comments:
                 ;
                 ;
                 ;Chip type               : ATmega16
                 ;Program type            : Application
                 ;AVR Core Clock frequency: 8.000000 MHz
                 ;Memory model            : Small
                 ;External RAM size       : 0
                 ;Data Stack size         : 256
                 ;*******************************************************/
                 ;
                 ;#include <mega16.h>
                 	#ifndef __SLEEP_DEFINED__
                 	#define __SLEEP_DEFINED__
                 	.EQU __se_bit=0x40
                 	.EQU __sm_mask=0xB0
                 	.EQU __sm_powerdown=0x20
                 	.EQU __sm_powersave=0x30
                 	.EQU __sm_standby=0xA0
                 	.EQU __sm_ext_standby=0xB0
                 	.EQU __sm_adc_noise_red=0x10
                 	.SET power_ctrl_reg=mcucr
                 	#endif
                 ;
                 ;#include <delay.h>
                 ;#include <string.h>
                 ;
                 ;#define RS PORTA.5
                 ;#define RW PORTA.6
                 ;#define E PORTA.7
                 ;#define DATA PORTD
                 ;
                 ;// Declare your global variables here
                 ;unsigned long nhietdo;
                 ;unsigned char tram,chuc,dvi;
                 ;// Voltage Reference: AREF pin
                 ;#define ADC_VREF_TYPE ((0<<REFS1) | (0<<REFS0) | (0<<ADLAR))
                 ;
                 ;// Read the AD conversion result
                 ;unsigned int read_adc(unsigned char adc_input)
                 ; 0000 002A {
                 
                 	.CSEG
                 _read_adc:
                 ; .FSTART _read_adc
                 ; 0000 002B ADMUX=adc_input | ADC_VREF_TYPE;
00006a 93aa      	ST   -Y,R26
                 ;	adc_input -> Y+0
00006b 81e8      	LD   R30,Y
00006c b9e7      	OUT  0x7,R30
                 ; 0000 002C // Delay needed for the stabilization of the ADC input voltage
                 ; 0000 002D delay_us(10);
                +
00006d e18b     +LDI R24 , LOW ( 27 )
                +__DELAY_USB_LOOP :
00006e 958a     +DEC R24
00006f f7f1     +BRNE __DELAY_USB_LOOP
                 	__DELAY_USB 27
                 ; 0000 002E // Start the AD conversion
                 ; 0000 002F ADCSRA|=(1<<ADSC);
000070 9a36      	SBI  0x6,6
                 ; 0000 0030 // Wait for the AD conversion to complete
                 ; 0000 0031 while ((ADCSRA & (1<<ADIF))==0);
                 _0x3:
000071 9b34      	SBIS 0x6,4
000072 cffe      	RJMP _0x3
                 ; 0000 0032 ADCSRA|=(1<<ADIF);
000073 9a34      	SBI  0x6,4
                 ; 0000 0033 return ADCW;
000074 b1e4      	IN   R30,0x4
000075 b1f5      	IN   R31,0x4+1
000076 c030      	RJMP _0x2020001
                 ; 0000 0034 }
                 ; .FEND
                 ;void khoidong(char x)
                 ; 0000 0036 {
                 _khoidong:
                 ; .FSTART _khoidong
                 ; 0000 0037     RW=RS=E=0;
000077 93aa      	ST   -Y,R26
                 ;	x -> Y+0
000078 98df      	CBI  0x1B,7
000079 98dd      	CBI  0x1B,5
00007a 98de      	CBI  0x1B,6
                 ; 0000 0038     DATA=x;
00007b 940e 0165 	CALL SUBOPT_0x0
                 ; 0000 0039     //delay_ms(5);
                 ; 0000 003A     E=1;
                 ; 0000 003B     //delay_ms(5);
                 ; 0000 003C     E=0;
                 ; 0000 003D     delay_ms(20);
                 ; 0000 003E }
00007d c029      	RJMP _0x2020001
                 ; .FEND
                 ;void hienthi(char x)
                 ; 0000 0040 {
                 _hienthi:
                 ; .FSTART _hienthi
                 ; 0000 0041     RW=E=0;
00007e 93aa      	ST   -Y,R26
                 ;	x -> Y+0
00007f 98df      	CBI  0x1B,7
000080 98de      	CBI  0x1B,6
                 ; 0000 0042     RS=1;
000081 9add      	SBI  0x1B,5
                 ; 0000 0043     DATA=x;
000082 940e 0165 	CALL SUBOPT_0x0
                 ; 0000 0044     //delay_ms(5);
                 ; 0000 0045     E=1;
                 ; 0000 0046     //delay_ms(5);
                 ; 0000 0047     E=0;
                 ; 0000 0048     delay_ms(20);
                 ; 0000 0049 }
000084 c022      	RJMP _0x2020001
                 ; .FEND
                 ;void hienchuoi(char *data)
                 ; 0000 004B {
                 _hienchuoi:
                 ; .FSTART _hienchuoi
                 ; 0000 004C     int n,i;
                 ; 0000 004D     n = strlen(data);
000085 93ba      	ST   -Y,R27
000086 93aa      	ST   -Y,R26
000087 940e 01bb 	CALL __SAVELOCR4
                 ;	*data -> Y+4
                 ;	n -> R16,R17
                 ;	i -> R18,R19
000089 81ac      	LDD  R26,Y+4
00008a 81bd      	LDD  R27,Y+4+1
00008b 940e 0159 	CALL _strlen
00008d 018f      	MOVW R16,R30
                 ; 0000 004E     for(i = 0; i < n; i++)
                +
00008e e020     +LDI R18 , LOW ( 0 )
00008f e030     +LDI R19 , HIGH ( 0 )
                 	__GETWRN 18,19,0
                 _0x1B:
                +
000090 1720     +CP R18 , R16
000091 0731     +CPC R19 , R17
                 	__CPWRR 18,19,16,17
000092 f454      	BRGE _0x1C
                 ; 0000 004F     {
                 ; 0000 0050         hienthi(data[i]);
000093 01f9      	MOVW R30,R18
000094 81ac      	LDD  R26,Y+4
000095 81bd      	LDD  R27,Y+4+1
000096 0fae      	ADD  R26,R30
000097 1fbf      	ADC  R27,R31
000098 91ac      	LD   R26,X
000099 dfe4      	RCALL _hienthi
                 ; 0000 0051     }
                +
00009a 5f2f     +SUBI R18 , LOW ( - 1 )
00009b 4f3f     +SBCI R19 , HIGH ( - 1 )
                 	__ADDWRN 18,19,1
00009c cff3      	RJMP _0x1B
                 _0x1C:
                 ; 0000 0052 }
00009d 940e 01c0 	CALL __LOADLOCR4
00009f 9626      	ADIW R28,6
0000a0 9508      	RET
                 ; .FEND
                 ;char SPI_tranceiver(char data)		/* SPI write data function */
                 ; 0000 0054 {
                 _SPI_tranceiver:
                 ; .FSTART _SPI_tranceiver
                 ; 0000 0055 	SPDR = data;			/* Write data to SPI data register */
0000a1 93aa      	ST   -Y,R26
                 ;	data -> Y+0
0000a2 81e8      	LD   R30,Y
0000a3 b9ef      	OUT  0xF,R30
                 ; 0000 0056 	while(!(SPSR & (1<<SPIF)));	/* Wait till transmission complete */
                 _0x1D:
0000a4 9b77      	SBIS 0xE,7
0000a5 cffe      	RJMP _0x1D
                 ; 0000 0057     return(SPDR);
0000a6 b1ef      	IN   R30,0xF
                 _0x2020001:
0000a7 9621      	ADIW R28,1
0000a8 9508      	RET
                 ; 0000 0058 }
                 ; .FEND
                 ;// SPI interrupt service routine
                 ;interrupt [SPI_STC] void spi_isr(void)
                 ; 0000 005B {
                 _spi_isr:
                 ; .FSTART _spi_isr
0000a9 920a      	ST   -Y,R0
0000aa 921a      	ST   -Y,R1
0000ab 92fa      	ST   -Y,R15
0000ac 936a      	ST   -Y,R22
0000ad 937a      	ST   -Y,R23
0000ae 938a      	ST   -Y,R24
0000af 939a      	ST   -Y,R25
0000b0 93aa      	ST   -Y,R26
0000b1 93ba      	ST   -Y,R27
0000b2 93ea      	ST   -Y,R30
0000b3 93fa      	ST   -Y,R31
0000b4 b7ef      	IN   R30,SREG
0000b5 93ea      	ST   -Y,R30
                 ; 0000 005C unsigned char data;
                 ; 0000 005D data=SPI_tranceiver(nhietdo);
0000b6 931a      	ST   -Y,R17
                 ;	data -> R17
0000b7 91a0 0177 	LDS  R26,_nhietdo
0000b9 dfe7      	RCALL _SPI_tranceiver
0000ba 2f1e      	MOV  R17,R30
                 ; 0000 005E khoidong(0x80);
0000bb e8a0      	LDI  R26,LOW(128)
0000bc dfba      	RCALL _khoidong
                 ; 0000 005F hienthi(data);
0000bd 2fa1      	MOV  R26,R17
0000be dfbf      	RCALL _hienthi
                 ; 0000 0060 // Place your code here
                 ; 0000 0061     if(data == '1')
0000bf 3311      	CPI  R17,49
0000c0 f411      	BRNE _0x20
                 ; 0000 0062     {
                 ; 0000 0063         PORTC &= ~0x01;
0000c1 98a8      	CBI  0x15,0
                 ; 0000 0064     }
                 ; 0000 0065     else if(data == '2')
0000c2 c01b      	RJMP _0x21
                 _0x20:
0000c3 3312      	CPI  R17,50
0000c4 f411      	BRNE _0x22
                 ; 0000 0066     {
                 ; 0000 0067         PORTC |= 0x01;
0000c5 9aa8      	SBI  0x15,0
                 ; 0000 0068     }
                 ; 0000 0069     else if(data == '3')
0000c6 c017      	RJMP _0x23
                 _0x22:
0000c7 3313      	CPI  R17,51
0000c8 f411      	BRNE _0x24
                 ; 0000 006A     {
                 ; 0000 006B         PORTC &= ~0x02;
0000c9 98a9      	CBI  0x15,1
                 ; 0000 006C     }
                 ; 0000 006D     else if(data == '4')
0000ca c013      	RJMP _0x25
                 _0x24:
0000cb 3314      	CPI  R17,52
0000cc f411      	BRNE _0x26
                 ; 0000 006E     {
                 ; 0000 006F         PORTC |= 0x02;
0000cd 9aa9      	SBI  0x15,1
                 ; 0000 0070     }
                 ; 0000 0071     else if(data == '5')
0000ce c00f      	RJMP _0x27
                 _0x26:
0000cf 3315      	CPI  R17,53
0000d0 f411      	BRNE _0x28
                 ; 0000 0072     {
                 ; 0000 0073         PORTC &= ~0x04;
0000d1 98aa      	CBI  0x15,2
                 ; 0000 0074     }
                 ; 0000 0075     else if(data == '6')
0000d2 c00b      	RJMP _0x29
                 _0x28:
0000d3 3316      	CPI  R17,54
0000d4 f411      	BRNE _0x2A
                 ; 0000 0076     {
                 ; 0000 0077         PORTC |= 0x04;
0000d5 9aaa      	SBI  0x15,2
                 ; 0000 0078     }
                 ; 0000 0079     else if(data == '7')
0000d6 c007      	RJMP _0x2B
                 _0x2A:
0000d7 3317      	CPI  R17,55
0000d8 f411      	BRNE _0x2C
                 ; 0000 007A     {
                 ; 0000 007B         PORTC &= ~0x08;
0000d9 98ab      	CBI  0x15,3
                 ; 0000 007C     }
                 ; 0000 007D     else if(data == '8')
0000da c003      	RJMP _0x2D
                 _0x2C:
0000db 3318      	CPI  R17,56
0000dc f409      	BRNE _0x2E
                 ; 0000 007E     {
                 ; 0000 007F         PORTC |= 0x08;
0000dd 9aab      	SBI  0x15,3
                 ; 0000 0080     }
                 ; 0000 0081 }
                 _0x2E:
                 _0x2D:
                 _0x2B:
                 _0x29:
                 _0x27:
                 _0x25:
                 _0x23:
                 _0x21:
0000de 9119      	LD   R17,Y+
0000df 91e9      	LD   R30,Y+
0000e0 bfef      	OUT  SREG,R30
0000e1 91f9      	LD   R31,Y+
0000e2 91e9      	LD   R30,Y+
0000e3 91b9      	LD   R27,Y+
0000e4 91a9      	LD   R26,Y+
0000e5 9199      	LD   R25,Y+
0000e6 9189      	LD   R24,Y+
0000e7 9179      	LD   R23,Y+
0000e8 9169      	LD   R22,Y+
0000e9 90f9      	LD   R15,Y+
0000ea 9019      	LD   R1,Y+
0000eb 9009      	LD   R0,Y+
0000ec 9518      	RETI
                 ; .FEND
                 ;
                 ;void main(void)
                 ; 0000 0084 {
                 _main:
                 ; .FSTART _main
                 ; 0000 0085 // Declare your local variables here
                 ; 0000 0086 
                 ; 0000 0087 // Input/Output Ports initialization
                 ; 0000 0088 // Port A initialization
                 ; 0000 0089 // Function: Bit7=Out Bit6=Out Bit5=Out Bit4=In Bit3=In Bit2=In Bit1=In Bit0=In
                 ; 0000 008A DDRA=(1<<DDA7) | (1<<DDA6) | (1<<DDA5) | (0<<DDA4) | (0<<DDA3) | (0<<DDA2) | (0<<DDA1) | (0<<DDA0);
0000ed eee0      	LDI  R30,LOW(224)
0000ee bbea      	OUT  0x1A,R30
                 ; 0000 008B // State: Bit7=0 Bit6=0 Bit5=0 Bit4=T Bit3=T Bit2=T Bit1=T Bit0=T
                 ; 0000 008C PORTA=(0<<PORTA7) | (0<<PORTA6) | (0<<PORTA5) | (0<<PORTA4) | (0<<PORTA3) | (0<<PORTA2) | (0<<PORTA1) | (0<<PORTA0);
0000ef e0e0      	LDI  R30,LOW(0)
0000f0 bbeb      	OUT  0x1B,R30
                 ; 0000 008D 
                 ; 0000 008E // Port B initialization
                 ; 0000 008F // Function: Bit7=In Bit6=Out Bit5=In Bit4=In Bit3=In Bit2=In Bit1=In Bit0=In
                 ; 0000 0090 DDRB=(0<<DDB7) | (1<<DDB6) | (0<<DDB5) | (0<<DDB4) | (0<<DDB3) | (0<<DDB2) | (0<<DDB1) | (0<<DDB0);
0000f1 e4e0      	LDI  R30,LOW(64)
0000f2 bbe7      	OUT  0x17,R30
                 ; 0000 0091 // State: Bit7=T Bit6=0 Bit5=T Bit4=T Bit3=T Bit2=T Bit1=T Bit0=T
                 ; 0000 0092 PORTB=(0<<PORTB7) | (0<<PORTB6) | (0<<PORTB5) | (0<<PORTB4) | (0<<PORTB3) | (0<<PORTB2) | (0<<PORTB1) | (0<<PORTB0);
0000f3 e0e0      	LDI  R30,LOW(0)
0000f4 bbe8      	OUT  0x18,R30
                 ; 0000 0093 
                 ; 0000 0094 // Port C initialization
                 ; 0000 0095 // Function: Bit7=Out Bit6=Out Bit5=Out Bit4=Out Bit3=Out Bit2=Out Bit1=Out Bit0=Out
                 ; 0000 0096 DDRC=(1<<DDC7) | (1<<DDC6) | (1<<DDC5) | (1<<DDC4) | (1<<DDC3) | (1<<DDC2) | (1<<DDC1) | (1<<DDC0);
0000f5 efef      	LDI  R30,LOW(255)
0000f6 bbe4      	OUT  0x14,R30
                 ; 0000 0097 // State: Bit7=0 Bit6=0 Bit5=0 Bit4=0 Bit3=0 Bit2=0 Bit1=0 Bit0=0
                 ; 0000 0098 PORTC=(0<<PORTC7) | (0<<PORTC6) | (0<<PORTC5) | (0<<PORTC4) | (0<<PORTC3) | (0<<PORTC2) | (0<<PORTC1) | (0<<PORTC0);
0000f7 e0e0      	LDI  R30,LOW(0)
0000f8 bbe5      	OUT  0x15,R30
                 ; 0000 0099 
                 ; 0000 009A // Port D initialization
                 ; 0000 009B // Function: Bit7=Out Bit6=Out Bit5=Out Bit4=Out Bit3=Out Bit2=Out Bit1=Out Bit0=Out
                 ; 0000 009C DDRD=(1<<DDD7) | (1<<DDD6) | (1<<DDD5) | (1<<DDD4) | (1<<DDD3) | (1<<DDD2) | (1<<DDD1) | (1<<DDD0);
0000f9 efef      	LDI  R30,LOW(255)
0000fa bbe1      	OUT  0x11,R30
                 ; 0000 009D // State: Bit7=0 Bit6=0 Bit5=0 Bit4=0 Bit3=0 Bit2=0 Bit1=0 Bit0=0
                 ; 0000 009E PORTD=(0<<PORTD7) | (0<<PORTD6) | (0<<PORTD5) | (0<<PORTD4) | (0<<PORTD3) | (0<<PORTD2) | (0<<PORTD1) | (0<<PORTD0);
0000fb e0e0      	LDI  R30,LOW(0)
0000fc bbe2      	OUT  0x12,R30
                 ; 0000 009F 
                 ; 0000 00A0 // Timer/Counter 0 initialization
                 ; 0000 00A1 // Clock source: System Clock
                 ; 0000 00A2 // Clock value: Timer 0 Stopped
                 ; 0000 00A3 // Mode: Normal top=0xFF
                 ; 0000 00A4 // OC0 output: Disconnected
                 ; 0000 00A5 TCCR0=(0<<WGM00) | (0<<COM01) | (0<<COM00) | (0<<WGM01) | (0<<CS02) | (0<<CS01) | (0<<CS00);
0000fd bfe3      	OUT  0x33,R30
                 ; 0000 00A6 TCNT0=0x00;
0000fe bfe2      	OUT  0x32,R30
                 ; 0000 00A7 OCR0=0x00;
0000ff bfec      	OUT  0x3C,R30
                 ; 0000 00A8 
                 ; 0000 00A9 // Timer/Counter 1 initialization
                 ; 0000 00AA // Clock source: System Clock
                 ; 0000 00AB // Clock value: Timer1 Stopped
                 ; 0000 00AC // Mode: Normal top=0xFFFF
                 ; 0000 00AD // OC1A output: Disconnected
                 ; 0000 00AE // OC1B output: Disconnected
                 ; 0000 00AF // Noise Canceler: Off
                 ; 0000 00B0 // Input Capture on Falling Edge
                 ; 0000 00B1 // Timer1 Overflow Interrupt: Off
                 ; 0000 00B2 // Input Capture Interrupt: Off
                 ; 0000 00B3 // Compare A Match Interrupt: Off
                 ; 0000 00B4 // Compare B Match Interrupt: Off
                 ; 0000 00B5 TCCR1A=(0<<COM1A1) | (0<<COM1A0) | (0<<COM1B1) | (0<<COM1B0) | (0<<WGM11) | (0<<WGM10);
000100 bdef      	OUT  0x2F,R30
                 ; 0000 00B6 TCCR1B=(0<<ICNC1) | (0<<ICES1) | (0<<WGM13) | (0<<WGM12) | (0<<CS12) | (0<<CS11) | (0<<CS10);
000101 bdee      	OUT  0x2E,R30
                 ; 0000 00B7 TCNT1H=0x00;
000102 bded      	OUT  0x2D,R30
                 ; 0000 00B8 TCNT1L=0x00;
000103 bdec      	OUT  0x2C,R30
                 ; 0000 00B9 ICR1H=0x00;
000104 bde7      	OUT  0x27,R30
                 ; 0000 00BA ICR1L=0x00;
000105 bde6      	OUT  0x26,R30
                 ; 0000 00BB OCR1AH=0x00;
000106 bdeb      	OUT  0x2B,R30
                 ; 0000 00BC OCR1AL=0x00;
000107 bdea      	OUT  0x2A,R30
                 ; 0000 00BD OCR1BH=0x00;
000108 bde9      	OUT  0x29,R30
                 ; 0000 00BE OCR1BL=0x00;
000109 bde8      	OUT  0x28,R30
                 ; 0000 00BF 
                 ; 0000 00C0 // Timer/Counter 2 initialization
                 ; 0000 00C1 // Clock source: System Clock
                 ; 0000 00C2 // Clock value: Timer2 Stopped
                 ; 0000 00C3 // Mode: Normal top=0xFF
                 ; 0000 00C4 // OC2 output: Disconnected
                 ; 0000 00C5 ASSR=0<<AS2;
00010a bde2      	OUT  0x22,R30
                 ; 0000 00C6 TCCR2=(0<<PWM2) | (0<<COM21) | (0<<COM20) | (0<<CTC2) | (0<<CS22) | (0<<CS21) | (0<<CS20);
00010b bde5      	OUT  0x25,R30
                 ; 0000 00C7 TCNT2=0x00;
00010c bde4      	OUT  0x24,R30
                 ; 0000 00C8 OCR2=0x00;
00010d bde3      	OUT  0x23,R30
                 ; 0000 00C9 
                 ; 0000 00CA // Timer(s)/Counter(s) Interrupt(s) initialization
                 ; 0000 00CB TIMSK=(0<<OCIE2) | (0<<TOIE2) | (0<<TICIE1) | (0<<OCIE1A) | (0<<OCIE1B) | (0<<TOIE1) | (0<<OCIE0) | (0<<TOIE0);
00010e bfe9      	OUT  0x39,R30
                 ; 0000 00CC 
                 ; 0000 00CD // External Interrupt(s) initialization
                 ; 0000 00CE // INT0: Off
                 ; 0000 00CF // INT1: Off
                 ; 0000 00D0 // INT2: Off
                 ; 0000 00D1 MCUCR=(0<<ISC11) | (0<<ISC10) | (0<<ISC01) | (0<<ISC00);
00010f bfe5      	OUT  0x35,R30
                 ; 0000 00D2 MCUCSR=(0<<ISC2);
000110 bfe4      	OUT  0x34,R30
                 ; 0000 00D3 
                 ; 0000 00D4 // USART initialization
                 ; 0000 00D5 // USART disabled
                 ; 0000 00D6 UCSRB=(0<<RXCIE) | (0<<TXCIE) | (0<<UDRIE) | (0<<RXEN) | (0<<TXEN) | (0<<UCSZ2) | (0<<RXB8) | (0<<TXB8);
000111 b9ea      	OUT  0xA,R30
                 ; 0000 00D7 
                 ; 0000 00D8 // Analog Comparator initialization
                 ; 0000 00D9 // Analog Comparator: Off
                 ; 0000 00DA // The Analog Comparator's positive input is
                 ; 0000 00DB // connected to the AIN0 pin
                 ; 0000 00DC // The Analog Comparator's negative input is
                 ; 0000 00DD // connected to the AIN1 pin
                 ; 0000 00DE ACSR=(1<<ACD) | (0<<ACBG) | (0<<ACO) | (0<<ACI) | (0<<ACIE) | (0<<ACIC) | (0<<ACIS1) | (0<<ACIS0);
000112 e8e0      	LDI  R30,LOW(128)
000113 b9e8      	OUT  0x8,R30
                 ; 0000 00DF 
                 ; 0000 00E0 // ADC initialization
                 ; 0000 00E1 // ADC Clock frequency: 1000.000 kHz
                 ; 0000 00E2 // ADC Voltage Reference: AREF pin
                 ; 0000 00E3 // ADC Auto Trigger Source: ADC Stopped
                 ; 0000 00E4 ADMUX=ADC_VREF_TYPE;
000114 e0e0      	LDI  R30,LOW(0)
000115 b9e7      	OUT  0x7,R30
                 ; 0000 00E5 ADCSRA=(1<<ADEN) | (0<<ADSC) | (0<<ADATE) | (0<<ADIF) | (0<<ADIE) | (0<<ADPS2) | (1<<ADPS1) | (1<<ADPS0);
000116 e8e3      	LDI  R30,LOW(131)
000117 b9e6      	OUT  0x6,R30
                 ; 0000 00E6 SFIOR=(0<<ADTS2) | (0<<ADTS1) | (0<<ADTS0);
000118 e0e0      	LDI  R30,LOW(0)
000119 bfe0      	OUT  0x30,R30
                 ; 0000 00E7 
                 ; 0000 00E8 // SPI initialization
                 ; 0000 00E9 // SPI Type: Slave
                 ; 0000 00EA // SPI Clock Rate: 2000.000 kHz
                 ; 0000 00EB // SPI Clock Phase: Cycle Start
                 ; 0000 00EC // SPI Clock Polarity: Low
                 ; 0000 00ED // SPI Data Order: MSB First
                 ; 0000 00EE SPCR=(1<<SPIE) | (1<<SPE) | (0<<DORD) | (0<<MSTR) | (0<<CPOL) | (0<<CPHA) | (0<<SPR1) | (0<<SPR0);
00011a ece0      	LDI  R30,LOW(192)
00011b b9ed      	OUT  0xD,R30
                 ; 0000 00EF SPSR=(0<<SPI2X);
00011c e0e0      	LDI  R30,LOW(0)
00011d b9ee      	OUT  0xE,R30
                 ; 0000 00F0 
                 ; 0000 00F1 // Clear the SPI interrupt flag
                 ; 0000 00F2 #asm
                 ; 0000 00F3     in   r30,spsr
00011e b1ee          in   r30,spsr
                 ; 0000 00F4     in   r30,spdr
00011f b1ef          in   r30,spdr
                 ; 0000 00F5 #endasm
                 ; 0000 00F6 
                 ; 0000 00F7 // TWI initialization
                 ; 0000 00F8 // TWI disabled
                 ; 0000 00F9 TWCR=(0<<TWEA) | (0<<TWSTA) | (0<<TWSTO) | (0<<TWEN) | (0<<TWIE);
000120 e0e0      	LDI  R30,LOW(0)
000121 bfe6      	OUT  0x36,R30
                 ; 0000 00FA 
                 ; 0000 00FB // Global enable interrupts
                 ; 0000 00FC #asm("sei")
000122 9478      	sei
                 ; 0000 00FD     khoidong(0x0C);
000123 e0ac      	LDI  R26,LOW(12)
000124 df52      	RCALL _khoidong
                 ; 0000 00FE     khoidong(0x38);
000125 e3a8      	LDI  R26,LOW(56)
000126 df50      	RCALL _khoidong
                 ; 0000 00FF      khoidong(0x81);
000127 e8a1      	LDI  R26,LOW(129)
000128 df4e      	RCALL _khoidong
                 ; 0000 0100     hienchuoi("Dang Hoa");
                +
000129 e6a0     +LDI R26 , LOW ( _0x2F + ( 0 ) )
00012a e0b1     +LDI R27 , HIGH ( _0x2F + ( 0 ) )
                 	__POINTW2MN _0x2F,0
00012b df59      	RCALL _hienchuoi
                 ; 0000 0101     delay_ms(50);
00012c e3a2      	LDI  R26,LOW(50)
00012d e0b0      	LDI  R27,0
00012e 940e 0183 	CALL _delay_ms
                 ; 0000 0102     khoidong(0xC0);
000130 eca0      	LDI  R26,LOW(192)
000131 df45      	RCALL _khoidong
                 ; 0000 0103     hienchuoi("Chot keo 500k");
                +
000132 e6a9     +LDI R26 , LOW ( _0x2F + ( 9 ) )
000133 e0b1     +LDI R27 , HIGH ( _0x2F + ( 9 ) )
                 	__POINTW2MN _0x2F,9
000134 df50      	RCALL _hienchuoi
                 ; 0000 0104 while (1)
                 _0x30:
                 ; 0000 0105       {
                 ; 0000 0106       // Place your code here
                 ; 0000 0107         nhietdo=read_adc(0);
000135 e0a0      	LDI  R26,LOW(0)
000136 df33      	RCALL _read_adc
000137 2766      	CLR  R22
000138 2777      	CLR  R23
000139 940e 016d 	CALL SUBOPT_0x1
                 ; 0000 0108         nhietdo = nhietdo/2;
00013b 91e0 0177 	LDS  R30,_nhietdo
00013d 91f0 0178 	LDS  R31,_nhietdo+1
00013f 9160 0179 	LDS  R22,_nhietdo+2
000141 9170 017a 	LDS  R23,_nhietdo+3
000143 940e 018d 	CALL __LSRD1
000145 940e 016d 	CALL SUBOPT_0x1
                 ; 0000 0109         //khoidong(0x80);
                 ; 0000 010A         chuc = nhietdo/10 + 48;
000147 940e 0176 	CALL SUBOPT_0x2
000149 940e 0192 	CALL __DIVD21U
00014b 5de0      	SUBI R30,-LOW(48)
00014c 2e4e      	MOV  R4,R30
                 ; 0000 010B         dvi = nhietdo%10 +48;
00014d 940e 0176 	CALL SUBOPT_0x2
00014f 940e 01b7 	CALL __MODD21U
000151 5de0      	SUBI R30,-LOW(48)
000152 2e7e      	MOV  R7,R30
                 ; 0000 010C 
                 ; 0000 010D         //hienthi(dvi);
                 ; 0000 010E         delay_ms(500);
000153 efa4      	LDI  R26,LOW(500)
000154 e0b1      	LDI  R27,HIGH(500)
000155 940e 0183 	CALL _delay_ms
                 ; 0000 010F       }
000157 cfdd      	RJMP _0x30
                 ; 0000 0110 }
                 _0x33:
000158 cfff      	RJMP _0x33
                 ; .FEND
                 
                 	.DSEG
                 _0x2F:
000160           	.BYTE 0x17
                 
                 	.CSEG
                 _strlen:
                 ; .FSTART _strlen
000159 93ba      	ST   -Y,R27
00015a 93aa      	ST   -Y,R26
00015b 91a9          ld   r26,y+
00015c 91b9          ld   r27,y+
00015d 27ee          clr  r30
00015e 27ff          clr  r31
                 strlen0:
00015f 916d          ld   r22,x+
000160 2366          tst  r22
000161 f011          breq strlen1
000162 9631          adiw r30,1
000163 cffb          rjmp strlen0
                 strlen1:
000164 9508          ret
                 ; .FEND
                 
                 	.DSEG
                 _nhietdo:
000177           	.BYTE 0x4
                 
                 	.CSEG
                 ;OPTIMIZER ADDED SUBROUTINE, CALLED 2 TIMES, CODE SIZE REDUCTION:3 WORDS
                 SUBOPT_0x0:
000165 81e8      	LD   R30,Y
000166 bbe2      	OUT  0x12,R30
000167 9adf      	SBI  0x1B,7
000168 98df      	CBI  0x1B,7
000169 e1a4      	LDI  R26,LOW(20)
00016a e0b0      	LDI  R27,0
00016b 940c 0183 	JMP  _delay_ms
                 
                 ;OPTIMIZER ADDED SUBROUTINE, CALLED 2 TIMES, CODE SIZE REDUCTION:3 WORDS
                 SUBOPT_0x1:
00016d 93e0 0177 	STS  _nhietdo,R30
00016f 93f0 0178 	STS  _nhietdo+1,R31
000171 9360 0179 	STS  _nhietdo+2,R22
000173 9370 017a 	STS  _nhietdo+3,R23
000175 9508      	RET
                 
                 ;OPTIMIZER ADDED SUBROUTINE, CALLED 2 TIMES, CODE SIZE REDUCTION:7 WORDS
                 SUBOPT_0x2:
000176 91a0 0177 	LDS  R26,_nhietdo
000178 91b0 0178 	LDS  R27,_nhietdo+1
00017a 9180 0179 	LDS  R24,_nhietdo+2
00017c 9190 017a 	LDS  R25,_nhietdo+3
                +
00017e e0ea     +LDI R30 , LOW ( 0xA )
00017f e0f0     +LDI R31 , HIGH ( 0xA )
000180 e060     +LDI R22 , BYTE3 ( 0xA )
000181 e070     +LDI R23 , BYTE4 ( 0xA )
                 	__GETD1N 0xA
000182 9508      	RET
                 
                 
                 	.CSEG
                 _delay_ms:
000183 9610      	adiw r26,0
000184 f039      	breq __delay_ms1
                 __delay_ms0:
                +
000185 ed80     +LDI R24 , LOW ( 0x7D0 )
000186 e097     +LDI R25 , HIGH ( 0x7D0 )
                +__DELAY_USW_LOOP :
000187 9701     +SBIW R24 , 1
000188 f7f1     +BRNE __DELAY_USW_LOOP
                 	__DELAY_USW 0x7D0
000189 95a8      	wdr
00018a 9711      	sbiw r26,1
00018b f7c9      	brne __delay_ms0
                 __delay_ms1:
00018c 9508      	ret
                 
                 __LSRD1:
00018d 9576      	LSR  R23
00018e 9567      	ROR  R22
00018f 95f7      	ROR  R31
000190 95e7      	ROR  R30
000191 9508      	RET
                 
                 __DIVD21U:
000192 933f      	PUSH R19
000193 934f      	PUSH R20
000194 935f      	PUSH R21
000195 2400      	CLR  R0
000196 2411      	CLR  R1
000197 2744      	CLR  R20
000198 2755      	CLR  R21
000199 e230      	LDI  R19,32
                 __DIVD21U1:
00019a 0faa      	LSL  R26
00019b 1fbb      	ROL  R27
00019c 1f88      	ROL  R24
00019d 1f99      	ROL  R25
00019e 1c00      	ROL  R0
00019f 1c11      	ROL  R1
0001a0 1f44      	ROL  R20
0001a1 1f55      	ROL  R21
0001a2 1a0e      	SUB  R0,R30
0001a3 0a1f      	SBC  R1,R31
0001a4 0b46      	SBC  R20,R22
0001a5 0b57      	SBC  R21,R23
0001a6 f428      	BRCC __DIVD21U2
0001a7 0e0e      	ADD  R0,R30
0001a8 1e1f      	ADC  R1,R31
0001a9 1f46      	ADC  R20,R22
0001aa 1f57      	ADC  R21,R23
0001ab c001      	RJMP __DIVD21U3
                 __DIVD21U2:
0001ac 60a1      	SBR  R26,1
                 __DIVD21U3:
0001ad 953a      	DEC  R19
0001ae f759      	BRNE __DIVD21U1
0001af 01fd      	MOVW R30,R26
0001b0 01bc      	MOVW R22,R24
0001b1 01d0      	MOVW R26,R0
0001b2 01ca      	MOVW R24,R20
0001b3 915f      	POP  R21
0001b4 914f      	POP  R20
0001b5 913f      	POP  R19
0001b6 9508      	RET
                 
                 __MODD21U:
0001b7 dfda      	RCALL __DIVD21U
0001b8 01fd      	MOVW R30,R26
0001b9 01bc      	MOVW R22,R24
0001ba 9508      	RET
                 
                 __SAVELOCR4:
0001bb 933a      	ST   -Y,R19
                 __SAVELOCR3:
0001bc 932a      	ST   -Y,R18
                 __SAVELOCR2:
0001bd 931a      	ST   -Y,R17
0001be 930a      	ST   -Y,R16
0001bf 9508      	RET
                 
                 __LOADLOCR4:
0001c0 813b      	LDD  R19,Y+3
                 __LOADLOCR3:
0001c1 812a      	LDD  R18,Y+2
                 __LOADLOCR2:
0001c2 8119      	LDD  R17,Y+1
0001c3 8108      	LD   R16,Y
0001c4 9508      	RET
                 
                 ;END OF CODE MARKER
                 __END_OF_CODE:


RESOURCE USE INFORMATION
------------------------

Notice:
The register and instruction counts are symbol table hit counts,
and hence implicitly used resources are not counted, eg, the
'lpm' instruction without operands implicitly uses r0 and z,
none of which are counted.

x,y,z are separate entities in the symbol table and are
counted separately from r26..r31 here.

.dseg memory usage only counts static data declared with .byte

ATmega16 register use summary:
r0 :  11 r1 :   7 r2 :   0 r3 :   0 r4 :   1 r5 :   0 r6 :   0 r7 :   1 
r8 :   0 r9 :   0 r10:   0 r11:   0 r12:   0 r13:   0 r14:   0 r15:   2 
r16:   4 r17:  15 r18:   6 r19:   9 r20:   7 r21:   6 r22:  15 r23:   9 
r24:  18 r25:   7 r26:  37 r27:  17 r28:   3 r29:   1 r30:  99 r31:  14 
x  :   5 y  :  51 z  :   7 
Registers used: 24 out of 35 (68.6%)

ATmega16 instruction use summary:
.lds  :   0 .lds.l:   0 .sts  :   0 .sts.l:   0 adc   :   4 add   :   2 
adiw  :   4 and   :   0 andi  :   0 asr   :   0 bclr  :   0 bld   :   0 
brbc  :   0 brbs  :   0 brcc  :   1 brcs  :   0 break :   0 breq  :   3 
brge  :   1 brhc  :   0 brhs  :   0 brid  :   0 brie  :   0 brlo  :   0 
brlt  :   0 brmi  :   0 brne  :  15 brpl  :   0 brsh  :   0 brtc  :   0 
brts  :   0 brvc  :   0 brvs  :   0 bset  :   0 bst   :   0 call  :  14 
cbi   :  10 cbr   :   0 clc   :   0 clh   :   0 cli   :   1 cln   :   0 
clr   :  10 cls   :   0 clt   :   0 clv   :   0 clz   :   0 com   :   0 
cp    :   1 cpc   :   1 cpi   :   8 cpse  :   0 dec   :   3 des   :   0 
eor   :   0 fmul  :   0 fmuls :   0 fmulsu:   0 icall :   0 ijmp  :   0 
in    :   6 inc   :   0 jmp   :  23 ld    :  21 ldd   :   7 ldi   :  53 
lds   :   9 lpm   :   7 lsl   :   1 lsr   :   1 mov   :   4 movw  :  11 
mul   :   0 muls  :   0 mulsu :   0 neg   :   0 nop   :   0 or    :   0 
ori   :   0 out   :  46 pop   :   3 push  :   3 rcall :  12 ret   :  11 
reti  :   1 rjmp  :  18 rol   :   7 ror   :   3 sbc   :   3 sbci  :   1 
sbi   :   8 sbic  :   0 sbis  :   2 sbiw  :   5 sbr   :   1 sbrc  :   0 
sbrs  :   0 sec   :   0 seh   :   0 sei   :   1 sen   :   0 ser   :   0 
ses   :   0 set   :   0 sev   :   0 sez   :   0 sleep :   0 spm   :   0 
st    :  28 std   :   0 sts   :   4 sub   :   1 subi  :   3 swap  :   0 
tst   :   1 wdr   :   1 
Instructions used: 48 out of 116 (41.4%)

ATmega16 memory use summary [bytes]:
Segment   Begin    End      Code   Data   Used    Size   Use%
---------------------------------------------------------------
[.cseg] 0x000000 0x00038a    868     38    906   16384   5.5%
[.dseg] 0x000060 0x00017b      0     27     27    1024   2.6%
[.eseg] 0x000000 0x000000      0      0      0     512   0.0%

Assembly complete, 0 errors, 4 warnings
